\BOOKMARK [0][]{Contents.0}{\376\377\000C\000o\000n\000t\000e\000n\000t\000s}{}% 1
\BOOKMARK [0][]{chapter.1}{\376\377\0001\000\040\000I\000n\000t\000r\000o\000d\000u\000c\000t\000i\000o\000n}{}% 2
\BOOKMARK [0][]{chapter.2}{\376\377\0002\000\040\000R\000u\000l\000e\000s}{}% 3
\BOOKMARK [1][-]{section.2.1}{\376\377\0002\000.\0001\000\040\000O\000r\000g\000a\000n\000i\000z\000a\000t\000i\000o\000n\000s\040\031\000\040\000N\000a\000m\000e}{chapter.2}% 4
\BOOKMARK [1][-]{section.2.2}{\376\377\0002\000.\0002\000\040\000C\000o\000n\000s\000t\000i\000t\000u\000t\000i\000o\000n\000\040\000P\000e\000r\000i\000o\000d\000\040\000V\000a\000l\000i\000d\000i\000t\000y\000\040}{chapter.2}% 5
\BOOKMARK [1][-]{section.2.3}{\376\377\0002\000.\0003\000\040\000O\000b\000j\000e\000c\000t\000i\000v\000e\000s\000\040}{chapter.2}% 6
\BOOKMARK [1][-]{section.2.4}{\376\377\0002\000.\0004\000\040\000M\000e\000m\000b\000e\000r\000s\000h\000i\000p\000\040\000a\000n\000d\000\040\000D\000u\000e\000s\000\040}{chapter.2}% 7
\BOOKMARK [2][-]{subsection.2.4.1}{\376\377\0002\000.\0004\000.\0001\000\040\000A\000c\000t\000i\000v\000e\000\040\000M\000e\000m\000b\000e\000r\000s\000\040}{section.2.4}% 8
\BOOKMARK [2][-]{subsection.2.4.2}{\376\377\0002\000.\0004\000.\0002\000\040\000N\000o\000n\000-\000A\000c\000t\000i\000v\000e\000\040\000M\000e\000m\000b\000e\000r\000s\000\040}{section.2.4}% 9
\BOOKMARK [1][-]{section.2.5}{\376\377\0002\000.\0005\000\040\000F\000o\000u\000n\000d\000i\000n\000g\000\040\000P\000a\000t\000r\000o\000n\000s\000\040}{chapter.2}% 10
\BOOKMARK [1][-]{section.2.6}{\376\377\0002\000.\0006\000\040\000B\000o\000a\000r\000d\000\040\000o\000f\000\040\000D\000i\000r\000e\000c\000t\000o\000r\000s\000\040\000\050\000V\000o\000r\000s\000t\000a\000n\000d\000e\000s\000\051\000\040}{chapter.2}% 11
\BOOKMARK [1][-]{section.2.7}{\376\377\0002\000.\0007\000\040\000C\000a\000b\000i\000n\000e\000t\000\040\000R\000e\000s\000p\000o\000n\000s\000i\000b\000i\000l\000i\000t\000i\000e\000s\000\040}{chapter.2}% 12
\BOOKMARK [2][-]{subsection.2.7.1}{\376\377\0002\000.\0007\000.\0001\000\040\000H\000a\000u\000p\000t\000S\000p\000r\000e\000c\000h\000e\000r\000\040\000\050\000S\000p\000o\000k\000e\000s\000p\000e\000r\000s\000o\000n\000\051\000\040}{section.2.7}% 13
\BOOKMARK [2][-]{subsection.2.7.2}{\376\377\0002\000.\0007\000.\0002\000\040\000G\000e\000n\000e\000r\000a\000l\000\040\000S\000e\000c\000r\000e\000t\000a\000r\000y\000\040}{section.2.7}% 14
\BOOKMARK [2][-]{subsection.2.7.3}{\376\377\0002\000.\0007\000.\0003\000\040\000F\000i\000n\000a\000n\000c\000e\000\040\000S\000e\000c\000r\000e\000t\000a\000r\000y\000\040}{section.2.7}% 15
\BOOKMARK [2][-]{subsection.2.7.4}{\376\377\0002\000.\0007\000.\0004\000\040\000M\000e\000m\000b\000e\000r\000s\000\040}{section.2.7}% 16
\BOOKMARK [1][-]{section.2.8}{\376\377\0002\000.\0008\000\040\000E\000l\000e\000c\000t\000i\000o\000n\000s\000\040\000o\000f\000\040\000C\000a\000b\000i\000n\000e\000t\000/\000B\000o\000a\000r\000d\000-\000o\000f\000-\000D\000i\000r\000e\000c\000t\000o\000r\000s\000\040}{chapter.2}% 17
\BOOKMARK [1][-]{section.2.9}{\376\377\0002\000.\0009\000\040\000I\000m\000p\000e\000a\000c\000h\000m\000e\000n\000t\000\040\000o\000f\000\040\000C\000a\000b\000i\000n\000e\000t\000\040\000M\000e\000m\000b\000e\000r\000s\000\040}{chapter.2}% 18
\BOOKMARK [1][-]{section.2.10}{\376\377\0002\000.\0001\0000\000\040\000E\000v\000e\000n\000t\000s\040\031\000\040\000a\000d\000v\000e\000r\000t\000i\000s\000e\000m\000e\000n\000t\000\040}{chapter.2}% 19
\BOOKMARK [1][-]{section.2.11}{\376\377\0002\000.\0001\0001\000\040\000G\000e\000n\000e\000r\000a\000l\000\040\000M\000e\000e\000t\000i\000n\000g\000s\000\040}{chapter.2}% 20
\BOOKMARK [1][-]{section.2.12}{\376\377\0002\000.\0001\0002\000\040\000C\000o\000m\000m\000i\000t\000t\000e\000e\000s\000\040}{chapter.2}% 21
\BOOKMARK [0][]{chapter.3}{\376\377\0003\000\040\000P\000S\000A\000-\000K\000A\000\040\000C\000o\000n\000s\000t\000i\000t\000u\000t\000i\000o\000n\000\040\040\023\000\040\000v\000e\000r\000s\000i\000o\000n\000\040\000c\000o\000n\000t\000r\000o\000l\000\040\000s\000h\000e\000e\000t\000\040}{}% 22
